{"contracts\\NeuralNFTMarketplace.sol":{"l":{"70":22,"71":22,"72":1,"74":21,"78":12,"79":12,"80":3,"82":9,"86":27,"87":3,"89":24,"93":41,"94":2,"96":39,"100":3,"101":1,"103":2,"108":3,"113":0,"117":0,"125":0,"133":3,"141":36,"142":36,"143":36,"144":36,"145":36,"146":36,"147":36,"155":2,"156":2,"170":17,"171":1,"173":16,"174":1,"176":15,"178":15,"179":15,"180":15,"188":4,"189":4,"190":1,"192":3,"196":3,"197":3,"198":3,"199":3,"212":1,"213":1,"228":4,"229":1,"231":3,"232":1,"234":2,"235":2,"236":2,"244":2,"245":2,"246":1,"248":1,"249":1,"250":1,"251":0,"261":39,"270":0,"275":2,"276":1,"278":1,"282":4,"286":5,"290":3,"294":1,"298":1},"path":"C:\\Users\\Gabriel\\OneDrive\\Desktop\\NeuralNFTs\\backend\\contracts\\NeuralNFTMarketplace.sol","s":{"1":22,"2":22,"3":12,"4":12,"5":27,"6":41,"7":3,"8":3,"9":0,"10":0,"11":3,"12":36,"13":36,"14":36,"15":36,"16":36,"17":36,"18":36,"19":2,"20":2,"21":17,"22":16,"23":15,"24":15,"25":15,"26":15,"27":4,"28":4,"29":3,"30":3,"31":3,"32":3,"33":1,"34":4,"35":3,"36":2,"37":2,"38":2,"39":2,"40":2,"41":1,"42":1,"43":1,"44":39,"45":0,"46":2,"47":1,"48":4,"49":5,"50":3,"51":1,"52":1},"b":{"1":[1,21],"2":[3,9],"3":[3,24],"4":[2,39],"5":[1,2],"6":[1,16],"7":[1,15],"8":[1,3],"9":[1,3],"10":[1,2],"11":[1,1],"12":[0,1],"13":[1,1]},"f":{"1":22,"2":12,"3":27,"4":41,"5":3,"6":3,"7":0,"8":0,"9":3,"10":36,"11":2,"12":17,"13":4,"14":1,"15":4,"16":2,"17":39,"18":0,"19":2,"20":4,"21":5,"22":3,"23":1,"24":1},"fnMap":{"1":{"name":"notListed","line":69,"loc":{"start":{"line":69,"column":4},"end":{"line":75,"column":4}}},"2":{"name":"isListed","line":77,"loc":{"start":{"line":77,"column":4},"end":{"line":83,"column":4}}},"3":{"name":"isOwner","line":85,"loc":{"start":{"line":85,"column":4},"end":{"line":90,"column":4}}},"4":{"name":"isRoyaltyTooHigh","line":92,"loc":{"start":{"line":92,"column":4},"end":{"line":97,"column":4}}},"5":{"name":"isCreator","line":99,"loc":{"start":{"line":99,"column":4},"end":{"line":104,"column":4}}},"6":{"name":"constructor","line":107,"loc":{"start":{"line":107,"column":4},"end":{"line":109,"column":4}}},"7":{"name":null,"line":116,"loc":{"start":{"line":116,"column":4},"end":{"line":118,"column":4}}},"8":{"name":"transferFrom","line":124,"loc":{"start":{"line":120,"column":4},"end":{"line":126,"column":4}}},"9":{"name":"safeTransferFrom","line":132,"loc":{"start":{"line":128,"column":4},"end":{"line":134,"column":4}}},"10":{"name":"mintNft","line":140,"loc":{"start":{"line":136,"column":4},"end":{"line":148,"column":4}}},"11":{"name":"setRoyaltyInfo","line":154,"loc":{"start":{"line":150,"column":4},"end":{"line":157,"column":4}}},"12":{"name":"listItem","line":168,"loc":{"start":{"line":164,"column":4},"end":{"line":181,"column":4}}},"13":{"name":"buyItem","line":187,"loc":{"start":{"line":187,"column":4},"end":{"line":200,"column":4}}},"14":{"name":"cancelListing","line":210,"loc":{"start":{"line":206,"column":4},"end":{"line":214,"column":4}}},"15":{"name":"updateListing","line":226,"loc":{"start":{"line":221,"column":4},"end":{"line":237,"column":4}}},"16":{"name":"withdrawEarnings","line":243,"loc":{"start":{"line":243,"column":4},"end":{"line":253,"column":4}}},"17":{"name":"_beforeTokenTransfer","line":256,"loc":{"start":{"line":256,"column":4},"end":{"line":262,"column":4}}},"18":{"name":"supportsInterface","line":264,"loc":{"start":{"line":264,"column":4},"end":{"line":271,"column":4}}},"19":{"name":"setListFee","line":274,"loc":{"start":{"line":274,"column":4},"end":{"line":279,"column":4}}},"20":{"name":"getListing","line":281,"loc":{"start":{"line":281,"column":4},"end":{"line":283,"column":4}}},"21":{"name":"getEarnings","line":285,"loc":{"start":{"line":285,"column":4},"end":{"line":287,"column":4}}},"22":{"name":"getListFee","line":289,"loc":{"start":{"line":289,"column":4},"end":{"line":291,"column":4}}},"23":{"name":"getPlatformFee","line":293,"loc":{"start":{"line":293,"column":4},"end":{"line":295,"column":4}}},"24":{"name":"getCreator","line":297,"loc":{"start":{"line":297,"column":4},"end":{"line":299,"column":4}}}},"statementMap":{"1":{"start":{"line":70,"column":8},"end":{"line":70,"column":52}},"2":{"start":{"line":71,"column":8},"end":{"line":71,"column":2666}},"3":{"start":{"line":78,"column":8},"end":{"line":78,"column":52}},"4":{"start":{"line":79,"column":8},"end":{"line":79,"column":2895}},"5":{"start":{"line":86,"column":8},"end":{"line":86,"column":3082}},"6":{"start":{"line":93,"column":8},"end":{"line":93,"column":3272}},"7":{"start":{"line":100,"column":8},"end":{"line":100,"column":3487}},"8":{"start":{"line":108,"column":8},"end":{"line":108,"column":27}},"9":{"start":{"line":117,"column":8},"end":{"line":117,"column":39}},"10":{"start":{"line":125,"column":8},"end":{"line":125,"column":44}},"11":{"start":{"line":133,"column":8},"end":{"line":133,"column":44}},"12":{"start":{"line":141,"column":8},"end":{"line":141,"column":38}},"13":{"start":{"line":142,"column":8},"end":{"line":142,"column":39}},"14":{"start":{"line":143,"column":8},"end":{"line":143,"column":71}},"15":{"start":{"line":144,"column":8},"end":{"line":144,"column":38}},"16":{"start":{"line":145,"column":8},"end":{"line":145,"column":40}},"17":{"start":{"line":146,"column":8},"end":{"line":146,"column":28}},"18":{"start":{"line":147,"column":8},"end":{"line":147,"column":68}},"19":{"start":{"line":155,"column":8},"end":{"line":155,"column":64}},"20":{"start":{"line":156,"column":8},"end":{"line":156,"column":60}},"21":{"start":{"line":170,"column":8},"end":{"line":170,"column":5731}},"22":{"start":{"line":173,"column":8},"end":{"line":173,"column":5844}},"23":{"start":{"line":176,"column":8},"end":{"line":176,"column":38}},"24":{"start":{"line":178,"column":8},"end":{"line":178,"column":39}},"25":{"start":{"line":179,"column":8},"end":{"line":179,"column":55}},"26":{"start":{"line":180,"column":8},"end":{"line":180,"column":51}},"27":{"start":{"line":188,"column":8},"end":{"line":188,"column":52}},"28":{"start":{"line":189,"column":8},"end":{"line":189,"column":6444}},"29":{"start":{"line":192,"column":8},"end":{"line":192,"column":6582}},"30":{"start":{"line":196,"column":8},"end":{"line":196,"column":62}},"31":{"start":{"line":198,"column":8},"end":{"line":198,"column":65}},"32":{"start":{"line":199,"column":8},"end":{"line":199,"column":59}},"33":{"start":{"line":213,"column":8},"end":{"line":213,"column":47}},"34":{"start":{"line":228,"column":8},"end":{"line":228,"column":7794}},"35":{"start":{"line":231,"column":8},"end":{"line":231,"column":7907}},"36":{"start":{"line":234,"column":8},"end":{"line":234,"column":39}},"37":{"start":{"line":235,"column":8},"end":{"line":235,"column":43}},"38":{"start":{"line":236,"column":8},"end":{"line":236,"column":54}},"39":{"start":{"line":244,"column":8},"end":{"line":244,"column":49}},"40":{"start":{"line":245,"column":8},"end":{"line":245,"column":8461}},"41":{"start":{"line":248,"column":8},"end":{"line":248,"column":33}},"42":{"start":{"line":249,"column":8},"end":{"line":249,"column":72}},"43":{"start":{"line":250,"column":8},"end":{"line":250,"column":8670}},"44":{"start":{"line":261,"column":8},"end":{"line":261,"column":52}},"45":{"start":{"line":270,"column":8},"end":{"line":270,"column":51}},"46":{"start":{"line":275,"column":8},"end":{"line":275,"column":9359}},"47":{"start":{"line":278,"column":8},"end":{"line":278,"column":30}},"48":{"start":{"line":282,"column":8},"end":{"line":282,"column":34}},"49":{"start":{"line":286,"column":8},"end":{"line":286,"column":37}},"50":{"start":{"line":290,"column":8},"end":{"line":290,"column":25}},"51":{"start":{"line":294,"column":8},"end":{"line":294,"column":27}},"52":{"start":{"line":298,"column":8},"end":{"line":298,"column":33}}},"branchMap":{"1":{"line":71,"type":"if","locations":[{"start":{"line":71,"column":8},"end":{"line":71,"column":8}},{"start":{"line":71,"column":8},"end":{"line":71,"column":8}}]},"2":{"line":79,"type":"if","locations":[{"start":{"line":79,"column":8},"end":{"line":79,"column":8}},{"start":{"line":79,"column":8},"end":{"line":79,"column":8}}]},"3":{"line":86,"type":"if","locations":[{"start":{"line":86,"column":8},"end":{"line":86,"column":8}},{"start":{"line":86,"column":8},"end":{"line":86,"column":8}}]},"4":{"line":93,"type":"if","locations":[{"start":{"line":93,"column":8},"end":{"line":93,"column":8}},{"start":{"line":93,"column":8},"end":{"line":93,"column":8}}]},"5":{"line":100,"type":"if","locations":[{"start":{"line":100,"column":8},"end":{"line":100,"column":8}},{"start":{"line":100,"column":8},"end":{"line":100,"column":8}}]},"6":{"line":170,"type":"if","locations":[{"start":{"line":170,"column":8},"end":{"line":170,"column":8}},{"start":{"line":170,"column":8},"end":{"line":170,"column":8}}]},"7":{"line":173,"type":"if","locations":[{"start":{"line":173,"column":8},"end":{"line":173,"column":8}},{"start":{"line":173,"column":8},"end":{"line":173,"column":8}}]},"8":{"line":189,"type":"if","locations":[{"start":{"line":189,"column":8},"end":{"line":189,"column":8}},{"start":{"line":189,"column":8},"end":{"line":189,"column":8}}]},"9":{"line":228,"type":"if","locations":[{"start":{"line":228,"column":8},"end":{"line":228,"column":8}},{"start":{"line":228,"column":8},"end":{"line":228,"column":8}}]},"10":{"line":231,"type":"if","locations":[{"start":{"line":231,"column":8},"end":{"line":231,"column":8}},{"start":{"line":231,"column":8},"end":{"line":231,"column":8}}]},"11":{"line":245,"type":"if","locations":[{"start":{"line":245,"column":8},"end":{"line":245,"column":8}},{"start":{"line":245,"column":8},"end":{"line":245,"column":8}}]},"12":{"line":250,"type":"if","locations":[{"start":{"line":250,"column":8},"end":{"line":250,"column":8}},{"start":{"line":250,"column":8},"end":{"line":250,"column":8}}]},"13":{"line":275,"type":"if","locations":[{"start":{"line":275,"column":8},"end":{"line":275,"column":8}},{"start":{"line":275,"column":8},"end":{"line":275,"column":8}}]}}}}