{"contracts\\NeuralNFTMarketplace.sol":{"l":{"71":15,"72":15,"73":1,"75":14,"79":6,"80":6,"81":2,"83":4,"87":15,"88":2,"90":13,"94":17,"95":1,"97":16,"101":0,"102":0,"104":0,"109":3,"114":0,"118":0,"122":9,"130":0,"138":2,"139":2,"147":16,"148":16,"149":16,"150":16,"151":16,"152":16,"153":16,"161":0,"162":0,"176":11,"177":1,"179":10,"180":1,"182":9,"183":9,"184":0,"187":9,"188":9,"189":9,"197":3,"198":3,"199":1,"201":2,"205":2,"206":2,"207":2,"208":2,"221":1,"222":1,"237":0,"238":0,"240":0,"241":0,"243":0,"244":0,"245":0,"253":0,"254":0,"255":0,"257":0,"258":0,"259":0,"260":0,"271":18,"280":0,"286":0,"287":0,"289":0,"293":3,"297":3,"301":1,"305":1},"path":"C:\\Users\\Gabriel\\OneDrive\\Desktop\\NeuralNFTs\\backend\\contracts\\NeuralNFTMarketplace.sol","s":{"1":15,"2":15,"3":6,"4":6,"5":15,"6":17,"7":0,"8":3,"9":0,"10":9,"11":0,"12":2,"13":2,"14":16,"15":16,"16":16,"17":16,"18":16,"19":16,"20":16,"21":0,"22":0,"23":11,"24":10,"25":9,"26":9,"27":9,"28":9,"29":9,"30":3,"31":3,"32":2,"33":2,"34":2,"35":2,"36":1,"37":0,"38":0,"39":0,"40":0,"41":0,"42":0,"43":0,"44":0,"45":0,"46":0,"47":18,"48":0,"49":0,"50":0,"51":3,"52":3,"53":1,"54":1},"b":{"1":[1,14],"2":[2,4],"3":[2,13],"4":[1,16],"5":[0,0],"6":[1,10],"7":[1,9],"8":[0,9],"9":[1,2],"10":[0,0],"11":[0,0],"12":[0,0],"13":[0,0],"14":[0,0]},"f":{"1":15,"2":6,"3":15,"4":17,"5":0,"6":3,"7":0,"8":9,"9":0,"10":2,"11":16,"12":0,"13":11,"14":3,"15":1,"16":0,"17":0,"18":18,"19":0,"20":0,"21":3,"22":3,"23":1,"24":1},"fnMap":{"1":{"name":"notListed","line":70,"loc":{"start":{"line":70,"column":4},"end":{"line":76,"column":4}}},"2":{"name":"isListed","line":78,"loc":{"start":{"line":78,"column":4},"end":{"line":84,"column":4}}},"3":{"name":"isOwner","line":86,"loc":{"start":{"line":86,"column":4},"end":{"line":91,"column":4}}},"4":{"name":"isRoyaltyTooHigh","line":93,"loc":{"start":{"line":93,"column":4},"end":{"line":98,"column":4}}},"5":{"name":"isCreator","line":100,"loc":{"start":{"line":100,"column":4},"end":{"line":105,"column":4}}},"6":{"name":"constructor","line":108,"loc":{"start":{"line":108,"column":4},"end":{"line":110,"column":4}}},"7":{"name":null,"line":117,"loc":{"start":{"line":117,"column":4},"end":{"line":119,"column":4}}},"8":{"name":"approve","line":121,"loc":{"start":{"line":121,"column":4},"end":{"line":123,"column":4}}},"9":{"name":"transferFrom","line":129,"loc":{"start":{"line":125,"column":4},"end":{"line":131,"column":4}}},"10":{"name":"safeTransferFrom","line":137,"loc":{"start":{"line":133,"column":4},"end":{"line":140,"column":4}}},"11":{"name":"mintNft","line":146,"loc":{"start":{"line":142,"column":4},"end":{"line":154,"column":4}}},"12":{"name":"setRoyaltyInfo","line":160,"loc":{"start":{"line":156,"column":4},"end":{"line":163,"column":4}}},"13":{"name":"listItem","line":174,"loc":{"start":{"line":170,"column":4},"end":{"line":190,"column":4}}},"14":{"name":"buyItem","line":196,"loc":{"start":{"line":196,"column":4},"end":{"line":209,"column":4}}},"15":{"name":"cancelListing","line":219,"loc":{"start":{"line":215,"column":4},"end":{"line":223,"column":4}}},"16":{"name":"updateListing","line":235,"loc":{"start":{"line":230,"column":4},"end":{"line":246,"column":4}}},"17":{"name":"withdrawProceeds","line":252,"loc":{"start":{"line":252,"column":4},"end":{"line":262,"column":4}}},"18":{"name":"_beforeTokenTransfer","line":266,"loc":{"start":{"line":266,"column":4},"end":{"line":272,"column":4}}},"19":{"name":"supportsInterface","line":274,"loc":{"start":{"line":274,"column":4},"end":{"line":281,"column":4}}},"20":{"name":"setListFee","line":285,"loc":{"start":{"line":285,"column":4},"end":{"line":290,"column":4}}},"21":{"name":"getListing","line":292,"loc":{"start":{"line":292,"column":4},"end":{"line":294,"column":4}}},"22":{"name":"getEarnings","line":296,"loc":{"start":{"line":296,"column":4},"end":{"line":298,"column":4}}},"23":{"name":"getListFee","line":300,"loc":{"start":{"line":300,"column":4},"end":{"line":302,"column":4}}},"24":{"name":"getPlatformFee","line":304,"loc":{"start":{"line":304,"column":4},"end":{"line":306,"column":4}}}},"statementMap":{"1":{"start":{"line":71,"column":8},"end":{"line":71,"column":52}},"2":{"start":{"line":72,"column":8},"end":{"line":72,"column":2755}},"3":{"start":{"line":79,"column":8},"end":{"line":79,"column":52}},"4":{"start":{"line":80,"column":8},"end":{"line":80,"column":2984}},"5":{"start":{"line":87,"column":8},"end":{"line":87,"column":3171}},"6":{"start":{"line":94,"column":8},"end":{"line":94,"column":3361}},"7":{"start":{"line":101,"column":8},"end":{"line":101,"column":3577}},"8":{"start":{"line":109,"column":8},"end":{"line":109,"column":27}},"9":{"start":{"line":118,"column":8},"end":{"line":118,"column":39}},"10":{"start":{"line":122,"column":8},"end":{"line":122,"column":33}},"11":{"start":{"line":130,"column":8},"end":{"line":130,"column":44}},"12":{"start":{"line":138,"column":8},"end":{"line":138,"column":47}},"13":{"start":{"line":139,"column":8},"end":{"line":139,"column":44}},"14":{"start":{"line":147,"column":8},"end":{"line":147,"column":38}},"15":{"start":{"line":148,"column":8},"end":{"line":148,"column":39}},"16":{"start":{"line":149,"column":8},"end":{"line":149,"column":71}},"17":{"start":{"line":150,"column":8},"end":{"line":150,"column":38}},"18":{"start":{"line":151,"column":8},"end":{"line":151,"column":40}},"19":{"start":{"line":152,"column":8},"end":{"line":152,"column":28}},"20":{"start":{"line":153,"column":8},"end":{"line":153,"column":68}},"21":{"start":{"line":161,"column":8},"end":{"line":161,"column":64}},"22":{"start":{"line":162,"column":8},"end":{"line":162,"column":60}},"23":{"start":{"line":176,"column":8},"end":{"line":176,"column":6004}},"24":{"start":{"line":179,"column":8},"end":{"line":179,"column":6117}},"25":{"start":{"line":182,"column":8},"end":{"line":182,"column":38}},"26":{"start":{"line":183,"column":8},"end":{"line":183,"column":6263}},"27":{"start":{"line":187,"column":8},"end":{"line":187,"column":39}},"28":{"start":{"line":188,"column":8},"end":{"line":188,"column":55}},"29":{"start":{"line":189,"column":8},"end":{"line":189,"column":51}},"30":{"start":{"line":197,"column":8},"end":{"line":197,"column":52}},"31":{"start":{"line":198,"column":8},"end":{"line":198,"column":6853}},"32":{"start":{"line":201,"column":8},"end":{"line":201,"column":6991}},"33":{"start":{"line":205,"column":8},"end":{"line":205,"column":62}},"34":{"start":{"line":207,"column":8},"end":{"line":207,"column":65}},"35":{"start":{"line":208,"column":8},"end":{"line":208,"column":59}},"36":{"start":{"line":222,"column":8},"end":{"line":222,"column":47}},"37":{"start":{"line":237,"column":8},"end":{"line":237,"column":8203}},"38":{"start":{"line":240,"column":8},"end":{"line":240,"column":8316}},"39":{"start":{"line":243,"column":8},"end":{"line":243,"column":39}},"40":{"start":{"line":244,"column":8},"end":{"line":244,"column":43}},"41":{"start":{"line":245,"column":8},"end":{"line":245,"column":54}},"42":{"start":{"line":253,"column":8},"end":{"line":253,"column":49}},"43":{"start":{"line":254,"column":8},"end":{"line":254,"column":8870}},"44":{"start":{"line":257,"column":8},"end":{"line":257,"column":33}},"45":{"start":{"line":258,"column":8},"end":{"line":258,"column":72}},"46":{"start":{"line":259,"column":8},"end":{"line":259,"column":9079}},"47":{"start":{"line":271,"column":8},"end":{"line":271,"column":52}},"48":{"start":{"line":280,"column":8},"end":{"line":280,"column":51}},"49":{"start":{"line":286,"column":8},"end":{"line":286,"column":9772}},"50":{"start":{"line":289,"column":8},"end":{"line":289,"column":30}},"51":{"start":{"line":293,"column":8},"end":{"line":293,"column":34}},"52":{"start":{"line":297,"column":8},"end":{"line":297,"column":37}},"53":{"start":{"line":301,"column":8},"end":{"line":301,"column":25}},"54":{"start":{"line":305,"column":8},"end":{"line":305,"column":27}}},"branchMap":{"1":{"line":72,"type":"if","locations":[{"start":{"line":72,"column":8},"end":{"line":72,"column":8}},{"start":{"line":72,"column":8},"end":{"line":72,"column":8}}]},"2":{"line":80,"type":"if","locations":[{"start":{"line":80,"column":8},"end":{"line":80,"column":8}},{"start":{"line":80,"column":8},"end":{"line":80,"column":8}}]},"3":{"line":87,"type":"if","locations":[{"start":{"line":87,"column":8},"end":{"line":87,"column":8}},{"start":{"line":87,"column":8},"end":{"line":87,"column":8}}]},"4":{"line":94,"type":"if","locations":[{"start":{"line":94,"column":8},"end":{"line":94,"column":8}},{"start":{"line":94,"column":8},"end":{"line":94,"column":8}}]},"5":{"line":101,"type":"if","locations":[{"start":{"line":101,"column":8},"end":{"line":101,"column":8}},{"start":{"line":101,"column":8},"end":{"line":101,"column":8}}]},"6":{"line":176,"type":"if","locations":[{"start":{"line":176,"column":8},"end":{"line":176,"column":8}},{"start":{"line":176,"column":8},"end":{"line":176,"column":8}}]},"7":{"line":179,"type":"if","locations":[{"start":{"line":179,"column":8},"end":{"line":179,"column":8}},{"start":{"line":179,"column":8},"end":{"line":179,"column":8}}]},"8":{"line":183,"type":"if","locations":[{"start":{"line":183,"column":8},"end":{"line":183,"column":8}},{"start":{"line":183,"column":8},"end":{"line":183,"column":8}}]},"9":{"line":198,"type":"if","locations":[{"start":{"line":198,"column":8},"end":{"line":198,"column":8}},{"start":{"line":198,"column":8},"end":{"line":198,"column":8}}]},"10":{"line":237,"type":"if","locations":[{"start":{"line":237,"column":8},"end":{"line":237,"column":8}},{"start":{"line":237,"column":8},"end":{"line":237,"column":8}}]},"11":{"line":240,"type":"if","locations":[{"start":{"line":240,"column":8},"end":{"line":240,"column":8}},{"start":{"line":240,"column":8},"end":{"line":240,"column":8}}]},"12":{"line":254,"type":"if","locations":[{"start":{"line":254,"column":8},"end":{"line":254,"column":8}},{"start":{"line":254,"column":8},"end":{"line":254,"column":8}}]},"13":{"line":259,"type":"if","locations":[{"start":{"line":259,"column":8},"end":{"line":259,"column":8}},{"start":{"line":259,"column":8},"end":{"line":259,"column":8}}]},"14":{"line":286,"type":"if","locations":[{"start":{"line":286,"column":8},"end":{"line":286,"column":8}},{"start":{"line":286,"column":8},"end":{"line":286,"column":8}}]}}}}