TN:
SF:C:\Users\Gabriel\OneDrive\Desktop\NeuralNFTs\backend\contracts\NeuralNFTMarketplace.sol
FN:70,notListed
FN:78,isListed
FN:86,isOwner
FN:93,isRoyaltyTooHigh
FN:100,isCreator
FN:108,constructor
FN:117,
FN:121,approve
FN:129,transferFrom
FN:137,safeTransferFrom
FN:146,mintNft
FN:160,setRoyaltyInfo
FN:174,listItem
FN:196,buyItem
FN:219,cancelListing
FN:235,updateListing
FN:252,withdrawProceeds
FN:266,_beforeTokenTransfer
FN:274,supportsInterface
FN:285,setListFee
FN:292,getListing
FN:296,getEarnings
FN:300,getListFee
FN:304,getPlatformFee
FNF:24
FNH:16
FNDA:15,notListed
FNDA:6,isListed
FNDA:15,isOwner
FNDA:17,isRoyaltyTooHigh
FNDA:0,isCreator
FNDA:3,constructor
FNDA:0,
FNDA:9,approve
FNDA:0,transferFrom
FNDA:2,safeTransferFrom
FNDA:16,mintNft
FNDA:0,setRoyaltyInfo
FNDA:11,listItem
FNDA:3,buyItem
FNDA:1,cancelListing
FNDA:0,updateListing
FNDA:0,withdrawProceeds
FNDA:18,_beforeTokenTransfer
FNDA:0,supportsInterface
FNDA:0,setListFee
FNDA:3,getListing
FNDA:3,getEarnings
FNDA:1,getListFee
FNDA:1,getPlatformFee
DA:71,15
DA:72,15
DA:73,1
DA:75,14
DA:79,6
DA:80,6
DA:81,2
DA:83,4
DA:87,15
DA:88,2
DA:90,13
DA:94,17
DA:95,1
DA:97,16
DA:101,0
DA:102,0
DA:104,0
DA:109,3
DA:114,0
DA:118,0
DA:122,9
DA:130,0
DA:138,2
DA:139,2
DA:147,16
DA:148,16
DA:149,16
DA:150,16
DA:151,16
DA:152,16
DA:153,16
DA:161,0
DA:162,0
DA:176,11
DA:177,1
DA:179,10
DA:180,1
DA:182,9
DA:183,9
DA:184,0
DA:187,9
DA:188,9
DA:189,9
DA:197,3
DA:198,3
DA:199,1
DA:201,2
DA:205,2
DA:206,2
DA:207,2
DA:208,2
DA:221,1
DA:222,1
DA:237,0
DA:238,0
DA:240,0
DA:241,0
DA:243,0
DA:244,0
DA:245,0
DA:253,0
DA:254,0
DA:255,0
DA:257,0
DA:258,0
DA:259,0
DA:260,0
DA:271,18
DA:280,0
DA:286,0
DA:287,0
DA:289,0
DA:293,3
DA:297,3
DA:301,1
DA:305,1
LF:76
LH:49
BRDA:72,1,0,1
BRDA:72,1,1,14
BRDA:80,2,0,2
BRDA:80,2,1,4
BRDA:87,3,0,2
BRDA:87,3,1,13
BRDA:94,4,0,1
BRDA:94,4,1,16
BRDA:101,5,0,0
BRDA:101,5,1,0
BRDA:176,6,0,1
BRDA:176,6,1,10
BRDA:179,7,0,1
BRDA:179,7,1,9
BRDA:183,8,0,0
BRDA:183,8,1,9
BRDA:198,9,0,1
BRDA:198,9,1,2
BRDA:237,10,0,0
BRDA:237,10,1,0
BRDA:240,11,0,0
BRDA:240,11,1,0
BRDA:254,12,0,0
BRDA:254,12,1,0
BRDA:259,13,0,0
BRDA:259,13,1,0
BRDA:286,14,0,0
BRDA:286,14,1,0
BRF:28
BRH:15
end_of_record
