TN:
SF:C:\Users\Gabriel\OneDrive\Desktop\NeuralNFTs\backend\contracts\NeuralNFTMarketplace.sol
FN:69,notListed
FN:77,isListed
FN:85,isOwner
FN:92,isRoyaltyTooHigh
FN:99,isCreator
FN:107,constructor
FN:116,
FN:124,transferFrom
FN:132,safeTransferFrom
FN:140,mintNft
FN:154,setRoyaltyInfo
FN:168,listItem
FN:187,buyItem
FN:210,cancelListing
FN:226,updateListing
FN:243,withdrawEarnings
FN:256,_beforeTokenTransfer
FN:264,supportsInterface
FN:274,setListFee
FN:281,getListing
FN:285,getEarnings
FN:289,getListFee
FN:293,getPlatformFee
FN:297,getCreator
FNF:24
FNH:21
FNDA:22,notListed
FNDA:12,isListed
FNDA:27,isOwner
FNDA:41,isRoyaltyTooHigh
FNDA:3,isCreator
FNDA:3,constructor
FNDA:0,
FNDA:0,transferFrom
FNDA:3,safeTransferFrom
FNDA:36,mintNft
FNDA:2,setRoyaltyInfo
FNDA:17,listItem
FNDA:4,buyItem
FNDA:1,cancelListing
FNDA:4,updateListing
FNDA:2,withdrawEarnings
FNDA:39,_beforeTokenTransfer
FNDA:0,supportsInterface
FNDA:2,setListFee
FNDA:4,getListing
FNDA:5,getEarnings
FNDA:3,getListFee
FNDA:1,getPlatformFee
FNDA:1,getCreator
DA:70,22
DA:71,22
DA:72,1
DA:74,21
DA:78,12
DA:79,12
DA:80,3
DA:82,9
DA:86,27
DA:87,3
DA:89,24
DA:93,41
DA:94,2
DA:96,39
DA:100,3
DA:101,1
DA:103,2
DA:108,3
DA:113,0
DA:117,0
DA:125,0
DA:133,3
DA:141,36
DA:142,36
DA:143,36
DA:144,36
DA:145,36
DA:146,36
DA:147,36
DA:155,2
DA:156,2
DA:170,17
DA:171,1
DA:173,16
DA:174,1
DA:176,15
DA:178,15
DA:179,15
DA:180,15
DA:188,4
DA:189,4
DA:190,1
DA:192,3
DA:196,3
DA:197,3
DA:198,3
DA:199,3
DA:212,1
DA:213,1
DA:228,4
DA:229,1
DA:231,3
DA:232,1
DA:234,2
DA:235,2
DA:236,2
DA:244,2
DA:245,2
DA:246,1
DA:248,1
DA:249,1
DA:250,1
DA:251,0
DA:261,39
DA:270,0
DA:275,2
DA:276,1
DA:278,1
DA:282,4
DA:286,5
DA:290,3
DA:294,1
DA:298,1
LF:73
LH:68
BRDA:71,1,0,1
BRDA:71,1,1,21
BRDA:79,2,0,3
BRDA:79,2,1,9
BRDA:86,3,0,3
BRDA:86,3,1,24
BRDA:93,4,0,2
BRDA:93,4,1,39
BRDA:100,5,0,1
BRDA:100,5,1,2
BRDA:170,6,0,1
BRDA:170,6,1,16
BRDA:173,7,0,1
BRDA:173,7,1,15
BRDA:189,8,0,1
BRDA:189,8,1,3
BRDA:228,9,0,1
BRDA:228,9,1,3
BRDA:231,10,0,1
BRDA:231,10,1,2
BRDA:245,11,0,1
BRDA:245,11,1,1
BRDA:250,12,0,0
BRDA:250,12,1,1
BRDA:275,13,0,1
BRDA:275,13,1,1
BRF:26
BRH:25
end_of_record
